{
  "stats": {
    "suites": 1,
    "tests": 5,
    "passes": 5,
    "pending": 0,
    "failures": 0,
    "start": "2022-06-03T21:29:40.125Z",
    "end": "2022-06-03T21:29:57.037Z",
    "duration": 16912,
    "testsRegistered": 5,
    "passPercent": 100,
    "pendingPercent": 0,
    "other": 0,
    "hasOther": false,
    "skipped": 0,
    "hasSkipped": false
  },
  "results": [
    {
      "uuid": "eabd08f6-29db-4e81-9738-caf271f91d8a",
      "title": "",
      "fullFile": "cypress/integration/login.test.ts",
      "file": "cypress/integration/login.test.ts",
      "beforeHooks": [],
      "afterHooks": [],
      "tests": [],
      "suites": [
        {
          "uuid": "3c79e11c-f0bb-4858-ba0d-a8d6856b51d6",
          "title": "On login page",
          "fullFile": "",
          "file": "",
          "beforeHooks": [],
          "afterHooks": [],
          "tests": [
            {
              "title": "Should login with valid credentials",
              "fullTitle": "On login page Should login with valid credentials",
              "timedOut": null,
              "duration": 6411,
              "state": "passed",
              "speed": "medium",
              "pass": true,
              "fail": false,
              "pending": false,
              "context": null,
              "code": "// Prepare\nLOGIN.username = Cypress.env('SKETCH_USER'),\n    LOGIN.password = Cypress.env('SKETCH_PASS'),\n    // Execute\n    cy.submitLogin(LOGIN.username, LOGIN.password);\n// Assert\ncy.contains(globalElements.peopleSetOption).should('exist');",
              "err": {},
              "uuid": "698993bb-1e12-4bd0-a912-291cea4d85ec",
              "parentUUID": "3c79e11c-f0bb-4858-ba0d-a8d6856b51d6",
              "isHook": false,
              "skipped": false
            },
            {
              "title": "Should login with valid credentials after click on show password",
              "fullTitle": "On login page Should login with valid credentials after click on show password",
              "timedOut": null,
              "duration": 4579,
              "state": "passed",
              "speed": "fast",
              "pass": true,
              "fail": false,
              "pending": false,
              "context": null,
              "code": "// Prepare\nLOGIN.username = Cypress.env('SKETCH_USER'),\n    LOGIN.password = Cypress.env('SKETCH_PASS'),\n    // Execute\n    cy.submitLogin(LOGIN.username, LOGIN.password, true);\n// Assert\ncy.contains(globalElements.peopleSetOption).should('exist');",
              "err": {},
              "uuid": "560f6628-a1da-40fe-93c4-5c9a089f5572",
              "parentUUID": "3c79e11c-f0bb-4858-ba0d-a8d6856b51d6",
              "isHook": false,
              "skipped": false
            },
            {
              "title": "Should not login with invalid email",
              "fullTitle": "On login page Should not login with invalid email",
              "timedOut": null,
              "duration": 1938,
              "state": "passed",
              "speed": "fast",
              "pass": true,
              "fail": false,
              "pending": false,
              "context": null,
              "code": "// Prepare\nLOGIN.username = data.setRandomEmail(),\n    LOGIN.password = Cypress.env('SKETCH_PASS'),\n    // Execute\n    cy.submitLogin(LOGIN.username, LOGIN.password);\n// Assert\ncy.contains(loginElements.invalidDetailsError).should('exist');",
              "err": {},
              "uuid": "79027549-c147-4cfb-9198-f775642e6e15",
              "parentUUID": "3c79e11c-f0bb-4858-ba0d-a8d6856b51d6",
              "isHook": false,
              "skipped": false
            },
            {
              "title": "Should not login with invalid password",
              "fullTitle": "On login page Should not login with invalid password",
              "timedOut": null,
              "duration": 2420,
              "state": "passed",
              "speed": "fast",
              "pass": true,
              "fail": false,
              "pending": false,
              "context": null,
              "code": "// Prepare\nLOGIN.username = Cypress.env('SKETCH_USER'),\n    LOGIN.password = data.setRandomName(),\n    // Execute\n    cy.submitLogin(LOGIN.username, LOGIN.password);\n// Assert\ncy.contains(loginElements.invalidDetailsError).should('exist');",
              "err": {},
              "uuid": "7bc7169d-bdd6-4a27-9967-a3ccc03496c1",
              "parentUUID": "3c79e11c-f0bb-4858-ba0d-a8d6856b51d6",
              "isHook": false,
              "skipped": false
            },
            {
              "title": "Should not accept invalid email",
              "fullTitle": "On login page Should not accept invalid email",
              "timedOut": null,
              "duration": 1487,
              "state": "passed",
              "speed": "fast",
              "pass": true,
              "fail": false,
              "pending": false,
              "context": null,
              "code": "// Prepare\nLOGIN.username = data.setRandomName(),\n    LOGIN.password = Cypress.env('SKETCH_PASS'),\n    // Execute\n    cy.submitLogin(LOGIN.username, LOGIN.password);\n// Assert\ncy.contains(loginElements.invalidEmailError).should('exist');",
              "err": {},
              "uuid": "3361eb22-ccb4-4a4e-8cab-da3104393ea5",
              "parentUUID": "3c79e11c-f0bb-4858-ba0d-a8d6856b51d6",
              "isHook": false,
              "skipped": false
            }
          ],
          "suites": [],
          "passes": [
            "698993bb-1e12-4bd0-a912-291cea4d85ec",
            "560f6628-a1da-40fe-93c4-5c9a089f5572",
            "79027549-c147-4cfb-9198-f775642e6e15",
            "7bc7169d-bdd6-4a27-9967-a3ccc03496c1",
            "3361eb22-ccb4-4a4e-8cab-da3104393ea5"
          ],
          "failures": [],
          "pending": [],
          "skipped": [],
          "duration": 16835,
          "root": false,
          "rootEmpty": false,
          "_timeout": 2000
        }
      ],
      "passes": [],
      "failures": [],
      "pending": [],
      "skipped": [],
      "duration": 0,
      "root": true,
      "rootEmpty": true,
      "_timeout": 2000
    }
  ],
  "meta": {
    "mocha": {
      "version": "7.0.1"
    },
    "mochawesome": {
      "options": {
        "quiet": false,
        "reportFilename": "mochawesome",
        "saveHtml": false,
        "saveJson": true,
        "consoleReporter": "spec",
        "useInlineDiffs": false,
        "code": true
      },
      "version": "6.3.1"
    },
    "marge": {
      "options": {
        "reportDir": "cypress/reports",
        "overwrite": false,
        "html": false,
        "json": true
      },
      "version": "5.2.0"
    }
  }
}