{
  "stats": {
    "suites": 1,
    "tests": 1,
    "passes": 1,
    "pending": 0,
    "failures": 0,
    "start": "2022-06-03T21:30:01.390Z",
    "end": "2022-06-03T21:30:04.326Z",
    "duration": 2936,
    "testsRegistered": 1,
    "passPercent": 100,
    "pendingPercent": 0,
    "other": 0,
    "hasOther": false,
    "skipped": 0,
    "hasSkipped": false
  },
  "results": [
    {
      "uuid": "af62336b-748e-434e-841b-07f61cf0c9a2",
      "title": "",
      "fullFile": "cypress/integration/updates.test.ts",
      "file": "cypress/integration/updates.test.ts",
      "beforeHooks": [],
      "afterHooks": [],
      "tests": [],
      "suites": [
        {
          "uuid": "84cd822f-2d82-41af-9c9e-f07bd3f508ff",
          "title": "On updates page",
          "fullFile": "",
          "file": "",
          "beforeHooks": [],
          "afterHooks": [],
          "tests": [
            {
              "title": "Should see label new in sketch",
              "fullTitle": "On updates page Should see label new in sketch",
              "timedOut": null,
              "duration": 2899,
              "state": "passed",
              "speed": "fast",
              "pass": true,
              "fail": false,
              "pending": false,
              "context": null,
              "code": "// Assert\ncy.contains(updateElements.labelNew).should('exist');",
              "err": {},
              "uuid": "639e288f-159a-4ce9-b334-334a830608a3",
              "parentUUID": "84cd822f-2d82-41af-9c9e-f07bd3f508ff",
              "isHook": false,
              "skipped": false
            }
          ],
          "suites": [],
          "passes": [
            "639e288f-159a-4ce9-b334-334a830608a3"
          ],
          "failures": [],
          "pending": [],
          "skipped": [],
          "duration": 2899,
          "root": false,
          "rootEmpty": false,
          "_timeout": 2000
        }
      ],
      "passes": [],
      "failures": [],
      "pending": [],
      "skipped": [],
      "duration": 0,
      "root": true,
      "rootEmpty": true,
      "_timeout": 2000
    }
  ],
  "meta": {
    "mocha": {
      "version": "7.0.1"
    },
    "mochawesome": {
      "options": {
        "quiet": false,
        "reportFilename": "mochawesome",
        "saveHtml": false,
        "saveJson": true,
        "consoleReporter": "spec",
        "useInlineDiffs": false,
        "code": true
      },
      "version": "6.3.1"
    },
    "marge": {
      "options": {
        "reportDir": "cypress/reports",
        "overwrite": false,
        "html": false,
        "json": true
      },
      "version": "5.2.0"
    }
  }
}